<?xml version="1.0" encoding="UTF-8"?>
<!-- Generated by org.testng.reporters.JUnitXMLReporter -->
<testsuite hostname="LAPTOP-K6546IAP" ignored="0" name="Default test" tests="4" failures="0" timestamp="2019-11-20T18:53:00 CET" time="57.464" errors="0">
  <testcase name="checkUsrname" time="0.348" classname="com.norw.qa.testcases.LoginPageTest"/>
  <testcase name="checkLogoTest" time="0.042" classname="com.norw.qa.testcases.HomePageTest"/>
  <testcase name="homePageTitleTest" time="0.015" classname="com.norw.qa.testcases.HomePageTest"/>
  <testcase name="loginLnkTest" time="1.115" classname="com.norw.qa.testcases.HomePageTest"/>
</testsuite> <!-- Default test -->
