<?xml version="1.0" encoding="UTF-8"?>
<!-- Generated by org.testng.reporters.JUnitXMLReporter -->
<testsuite hostname="LAPTOP-K6546IAP" ignored="0" name="Default test" tests="8" failures="0" timestamp="2019-11-21T18:58:37 CET" time="138.924" errors="0">
  <testcase name="checkLogBtn" time="0.07" classname="com.norw.qa.testcases.LoginPageTest"/>
  <testcase name="checkPass" time="0.069" classname="com.norw.qa.testcases.LoginPageTest"/>
  <testcase name="checkUsr" time="0.034" classname="com.norw.qa.testcases.LoginPageTest"/>
  <testcase name="checkLogoTest" time="0.034" classname="com.norw.qa.testcases.HomePageTest"/>
  <testcase name="homePageTitleTest" time="0.008" classname="com.norw.qa.testcases.HomePageTest"/>
  <testcase name="loginLnkTest" time="0.899" classname="com.norw.qa.testcases.HomePageTest"/>
  <testcase name="validateSokTab" time="0.129" classname="com.norw.qa.testcases.ChooseFlightDestDatesPageTest"/>
  <testcase name="validateUsrInCaps" time="0.002" classname="com.norw.qa.testcases.ChooseFlightDestDatesPageTest"/>
</testsuite> <!-- Default test -->
